2020.05.09, 09:04:31.0127 UTC -> /login "path requested - requested Data" 
{"email":"hong.wang@jabian.com","otp":"985346"}
2020.05.09, 09:04:31.0432 UTC -> /login "path requested - response Data" 
{"statuscode":200,"msg":"Login Successfull","physican_id":57,"email":"hong.wang@jabian.com","user_name":"jlee","first_name":"Jayne","last_name":"Lee","token":"eyJhbGciOiJIUzI1NiIsInR5cCI6IkpXVCJ9.eyJ1c2VybmFtZSI6Imhvbmcud2FuZ0BqYWJpYW4uY29tIiwicGh5c2ljYW5faWQiOjU3LCJyb2xlIjoiZG9jdG9yIiwiaWF0IjoxNTg5MDE1MDcxLCJleHAiOjE1ODkwMTg2NzF9.FEInIVN5r8OL6w-lvUTyWel6N_inHTikCvWZ5zvbpzk"}
2020.05.09, 09:05:23.0553 UTC -> /login "path requested - requested Data" 
{"email":"hong.wang@jabian.com","otp":"985346"}
2020.05.09, 09:15:30.0243 UTC -> /login "path requested - requested Data" 
{"email":"hong.wang@jabian.com","otp":"985346"}
2020.05.09, 09:25:07.0463 UTC -> /login "path requested - requested Data" 
{"email":"hong.wang@jabian.com","otp":"985346"}
2020.05.09, 09:27:35.0634 UTC -> /login "path requested - requested Data" 
{"email":"hong.wang@jabian.com","otp":"985346"}
2020.05.09, 09:29:13.0267 UTC -> /login "path requested - requested Data" 
{"email":"hong.wang@jabian.com","otp":"985346"}
2020.05.09, 09:29:32.0312 UTC -> /login "path requested - requested Data" 
{"email":"hong.wang@jabian.com","otp":"985346"}
2020.05.09, 09:35:31.0372 UTC -> /login "path requested - requested Data" 
{"email":"hong.wang@jabian.com","otp":"985346"}
2020.05.09, 09:49:00.0589 UTC -> /login "path requested - requested Data" 
{"email":"hong.wang@jabian.com","otp":"985346"}
2020.05.09, 09:50:58.0539 UTC -> /login "path requested - requested Data" 
{"email":"hong.wang@jabian.com","otp":"985346"}
2020.05.09, 09:54:04.0726 UTC -> /login "path requested - requested Data" 
{"email":"hong.wang@jabian.com","otp":"985346"}
2020.05.09, 10:13:18.0402 UTC -> /login "path requested - requested Data" 
{"email":"hong.wang@jabian.com","otp":"985346"}
2020.05.09, 10:14:02.0995 UTC -> /login "path requested - requested Data" 
{"email":"hong.wang@jabian.com","otp":"985346"}
2020.05.09, 10:15:04.0260 UTC -> /login "path requested - requested Data" 
{"email":"hong.wang@jabian.com","otp":"985346"}
2020.05.09, 10:40:57.0962 UTC -> /login "path requested - requested Data" 
{"email":"hong.wang@jabian.com","otp":"985346"}
2020.05.09, 10:48:17.0889 UTC -> /login "path requested - requested Data" 
{"email":"hong.wang@jabian.com","otp":"985346"}
2020.05.09, 10:49:09.0316 UTC -> /login "path requested - requested Data" 
{"email":"hong.wang@jabian.com","otp":"985346"}
2020.05.09, 10:49:09.0542 UTC -> /login "path requested - response Data" 
{"msg":"Server under maintaince","statuscode":503}
2020.05.09, 10:53:15.0831 UTC -> /login "path requested - requested Data" 
{"email":"hong.wang@jabian.com","otp":"985346"}
2020.05.09, 10:53:37.0493 UTC -> /login "path requested - requested Data" 
{"email":"hong.wang@jabian.com","otp":"985346"}
2020.05.09, 10:53:37.0731 UTC -> /login "path requested - response Data" 
{"statuscode":200,"msg":"Login Successfull","physican_id":57,"email":"hong.wang@jabian.com","user_name":"jlee","first_name":"Jayne","last_name":"Lee","token":"eyJhbGciOiJIUzI1NiIsInR5cCI6IkpXVCJ9.eyJ1c2VybmFtZSI6Imhvbmcud2FuZ0BqYWJpYW4uY29tIiwicGh5c2ljYW5faWQiOjU3LCJyb2xlIjoiZG9jdG9yIiwiaWF0IjoxNTg5MDIxNjE3LCJleHAiOjE1ODkwMjUyMTd9.O_cOIFv66a4cNEIhyK4BosWHJsP-wmF5tSPYEPfJEoI"}
2020.05.09, 10:53:46.0667 UTC -> /login "path requested - requested Data" 
{"email":"hong.wang@jabian.com","otp":"985346"}
2020.05.09, 10:53:46.0709 UTC -> /login "path requested - response Data" 
{"statuscode":200,"msg":"Login Successfull","physican_id":57,"email":"hong.wang@jabian.com","user_name":"jlee","first_name":"Jayne","last_name":"Lee","token":"eyJhbGciOiJIUzI1NiIsInR5cCI6IkpXVCJ9.eyJ1c2VybmFtZSI6Imhvbmcud2FuZ0BqYWJpYW4uY29tIiwicGh5c2ljYW5faWQiOjU3LCJyb2xlIjoiZG9jdG9yIiwiaWF0IjoxNTg5MDIxNjI2LCJleHAiOjE1ODkwMjUyMjZ9.GAGOkCQCnWVfwSS5GADhSellPK6hoDmBpPDXiAVoODw"}
2020.05.09, 10:53:49.0896 UTC -> /login "path requested - requested Data" 
{"email":"hong.wang@jabian.com","otp":"985346"}
2020.05.09, 10:53:49.0921 UTC -> /login "path requested - response Data" 
{"statuscode":200,"msg":"Login Successfull","physican_id":57,"email":"hong.wang@jabian.com","user_name":"jlee","first_name":"Jayne","last_name":"Lee","token":"eyJhbGciOiJIUzI1NiIsInR5cCI6IkpXVCJ9.eyJ1c2VybmFtZSI6Imhvbmcud2FuZ0BqYWJpYW4uY29tIiwicGh5c2ljYW5faWQiOjU3LCJyb2xlIjoiZG9jdG9yIiwiaWF0IjoxNTg5MDIxNjI5LCJleHAiOjE1ODkwMjUyMjl9.OQov2KnALt-z0fbkpcWaLzZMsES_r8pC5Z_CukafRJA"}
2020.05.09, 10:55:25.0272 UTC -> /login "path requested - requested Data" 
{"email":"hong.wang@jabian.com","otp":"985346"}
2020.05.09, 10:55:25.0520 UTC -> /login "path requested - response Data" 
{"statuscode":200,"msg":"Login Successfull","physican_id":57,"email":"hong.wang@jabian.com","user_name":"jlee","first_name":"Jayne","last_name":"Lee","token":"eyJhbGciOiJIUzI1NiIsInR5cCI6IkpXVCJ9.eyJ1c2VybmFtZSI6Imhvbmcud2FuZ0BqYWJpYW4uY29tIiwicGh5c2ljYW5faWQiOjU3LCJyb2xlIjoiZG9jdG9yIiwiaWF0IjoxNTg5MDIxNzI1LCJleHAiOjE1ODkwMjUzMjV9.WfdPUll3o6wgbJRr-D3t_B-uaSEw_3Hr83GYqinVA38"}
2020.05.09, 10:55:29.0026 UTC -> /login "path requested - requested Data" 
{"email":"hong.wang@jabian.com","otp":"985346"}
2020.05.09, 10:55:29.0037 UTC -> /login "path requested - response Data" 
{"statuscode":200,"msg":"Login Successfull","physican_id":57,"email":"hong.wang@jabian.com","user_name":"jlee","first_name":"Jayne","last_name":"Lee","token":"eyJhbGciOiJIUzI1NiIsInR5cCI6IkpXVCJ9.eyJ1c2VybmFtZSI6Imhvbmcud2FuZ0BqYWJpYW4uY29tIiwicGh5c2ljYW5faWQiOjU3LCJyb2xlIjoiZG9jdG9yIiwiaWF0IjoxNTg5MDIxNzI5LCJleHAiOjE1ODkwMjUzMjl9.f3t7jIhvIRXKXyW0jtNWWdbZJ2JAScGMZSleuBZMrtM"}
2020.05.09, 10:55:31.0180 UTC -> /login "path requested - requested Data" 
{"email":"hong.wang@jabian.com","otp":"985346"}
2020.05.09, 10:55:31.0189 UTC -> /login "path requested - response Data" 
{"statuscode":200,"msg":"Login Successfull","physican_id":57,"email":"hong.wang@jabian.com","user_name":"jlee","first_name":"Jayne","last_name":"Lee","token":"eyJhbGciOiJIUzI1NiIsInR5cCI6IkpXVCJ9.eyJ1c2VybmFtZSI6Imhvbmcud2FuZ0BqYWJpYW4uY29tIiwicGh5c2ljYW5faWQiOjU3LCJyb2xlIjoiZG9jdG9yIiwiaWF0IjoxNTg5MDIxNzMxLCJleHAiOjE1ODkwMjUzMzF9.yL3Buh5KhvGSQcKLsS3zg73p53d2eXyPlpPO9Gu_bys"}
2020.05.09, 10:55:33.0276 UTC -> /login "path requested - requested Data" 
{"email":"hong.wang@jabian.com","otp":"985346"}
2020.05.09, 10:55:33.0289 UTC -> /login "path requested - response Data" 
{"statuscode":200,"msg":"Login Successfull","physican_id":57,"email":"hong.wang@jabian.com","user_name":"jlee","first_name":"Jayne","last_name":"Lee","token":"eyJhbGciOiJIUzI1NiIsInR5cCI6IkpXVCJ9.eyJ1c2VybmFtZSI6Imhvbmcud2FuZ0BqYWJpYW4uY29tIiwicGh5c2ljYW5faWQiOjU3LCJyb2xlIjoiZG9jdG9yIiwiaWF0IjoxNTg5MDIxNzMzLCJleHAiOjE1ODkwMjUzMzN9.Ycg6CXfjcw_XJncqqM9UhyyWB5KMvTdUEl54ewL_Ulo"}
2020.05.09, 10:58:49.0102 UTC -> /login "path requested - requested Data" 
{"email":"hong.wang@jabian.com","otp":"985346"}
2020.05.09, 10:58:49.0108 UTC -> /login "path requested - response Data" 
{"msg":"User Not Found","statuscode":401}
2020.05.09, 11:01:08.0575 UTC -> /login "path requested - requested Data" 
{"email":"hong.wang@jabian.com","otp":"985346"}
2020.05.09, 11:01:08.0908 UTC -> /login "path requested - response Data" 
{"msg":"User Not Found","statuscode":401}
2020.05.09, 11:01:28.0468 UTC -> /login "path requested - requested Data" 
{"email":"hong.wang@jabian.com","otp":"985346"}
2020.05.09, 11:01:28.0501 UTC -> /login "path requested - response Data" 
{"statuscode":200,"msg":"Login Successfull","physican_id":57,"email":"hong.wang@jabian.com","user_name":"jlee","first_name":"Jayne","last_name":"Lee","token":"eyJhbGciOiJIUzI1NiIsInR5cCI6IkpXVCJ9.eyJ1c2VybmFtZSI6Imhvbmcud2FuZ0BqYWJpYW4uY29tIiwicGh5c2ljYW5faWQiOjU3LCJyb2xlIjoiZG9jdG9yIiwiaWF0IjoxNTg5MDIyMDg4LCJleHAiOjE1ODkwMjU2ODh9.0JcMKRD7Q1D5v48Tdt_SukGv1Vgyd-VAQuQcsR3REjQ"}
2020.05.09, 11:03:02.0366 UTC -> /hospitals "path requested - response Data" 
{"statuscode":200,"msg":"Hospital List","list":[{"hospital_id":126,"hospital_name":"Select - Durham"},{"hospital_id":132,"hospital_name":"Select - Greensboro"},{"hospital_id":61,"hospital_name":"Flaget Memorial Hospital"},{"hospital_id":null,"hospital_name":null},{"hospital_id":116,"hospital_name":"Grande Ronde "},{"hospital_id":129,"hospital_name":"Wright"},{"hospital_id":130,"hospital_name":"Hedrick"},{"hospital_id":131,"hospital_name":"Cushing"},{"hospital_id":145,"hospital_name":"Eagle Telemedicine General"},{"hospital_id":153,"hospital_name":"Riverside Cross Cover / Surge Coverage"},{"hospital_id":185,"hospital_name":"Piedmont Mountainside Hospital"},{"hospital_id":184,"hospital_name":"SSM Health St. Francis"},{"hospital_id":170,"hospital_name":"Western Wisconsin Health"},{"hospital_id":177,"hospital_name":"Integris Grove Hospital"},{"hospital_id":178,"hospital_name":"Hampshire Memorial Hospital"},{"hospital_id":179,"hospital_name":"Iowa Specialty Hospital"},{"hospital_id":157,"hospital_name":"St. Luke's Leawood"},{"hospital_id":165,"hospital_name":"St. Luke's Legends"},{"hospital_id":169,"hospital_name":"St. Luke's North Overland Park"},{"hospital_id":180,"hospital_name":"St. Luke's Roeland Park"},{"hospital_id":181,"hospital_name":"St. Luke's South Olathe"},{"hospital_id":208,"hospital_name":"testing"},{"hospital_id":154,"hospital_name":"Allina Health - River Falls"},{"hospital_id":210,"hospital_name":"Miot"}]}
